2021-08-21 19:59:44,570 ERROR: Exception on /jobs/postal/tracker/add_entry [POST] [in i:\anaconda\envs\cash\lib\site-packages\flask\app.py:1454]
Traceback (most recent call last):
  File "i:\anaconda\envs\cash\lib\site-packages\sqlalchemy\engine\base.py", line 1670, in _execute_context
    context = constructor(
  File "i:\anaconda\envs\cash\lib\site-packages\sqlalchemy\engine\default.py", line 1073, in _init_compiled
    param = {
  File "i:\anaconda\envs\cash\lib\site-packages\sqlalchemy\engine\default.py", line 1074, in <dictcomp>
    key: processors[key](compiled_params[key])
  File "i:\anaconda\envs\cash\lib\site-packages\sqlalchemy\sql\sqltypes.py", line 1983, in process
    value = _strict_as_bool(value)
  File "i:\anaconda\envs\cash\lib\site-packages\sqlalchemy\sql\sqltypes.py", line 1958, in _strict_as_bool
    raise TypeError("Not a boolean value: %r" % value)
TypeError: Not a boolean value: 'false'

The above exception was the direct cause of the following exception:

Traceback (most recent call last):
  File "i:\anaconda\envs\cash\lib\site-packages\flask\app.py", line 2070, in wsgi_app
    response = self.full_dispatch_request()
  File "i:\anaconda\envs\cash\lib\site-packages\flask\app.py", line 1515, in full_dispatch_request
    rv = self.handle_user_exception(e)
  File "i:\anaconda\envs\cash\lib\site-packages\flask\app.py", line 1513, in full_dispatch_request
    rv = self.dispatch_request()
  File "i:\anaconda\envs\cash\lib\site-packages\flask\app.py", line 1499, in dispatch_request
    return self.ensure_sync(self.view_functions[rule.endpoint])(**req.view_args)
  File "i:\anaconda\envs\cash\lib\site-packages\flask_login\utils.py", line 272, in decorated_view
    return func(*args, **kwargs)
  File "E:\Evan\Documents\NewDayRP\cash-and-associates\app\main\routes.py", line 553, in add_postal_entry
    db.session.commit()
  File "<string>", line 2, in commit
  File "i:\anaconda\envs\cash\lib\site-packages\sqlalchemy\orm\session.py", line 1428, in commit
    self._transaction.commit(_to_root=self.future)
  File "i:\anaconda\envs\cash\lib\site-packages\sqlalchemy\orm\session.py", line 829, in commit
    self._prepare_impl()
  File "i:\anaconda\envs\cash\lib\site-packages\sqlalchemy\orm\session.py", line 808, in _prepare_impl
    self.session.flush()
  File "i:\anaconda\envs\cash\lib\site-packages\sqlalchemy\orm\session.py", line 3298, in flush
    self._flush(objects)
  File "i:\anaconda\envs\cash\lib\site-packages\sqlalchemy\orm\session.py", line 3438, in _flush
    transaction.rollback(_capture_exception=True)
  File "i:\anaconda\envs\cash\lib\site-packages\sqlalchemy\util\langhelpers.py", line 70, in __exit__
    compat.raise_(
  File "i:\anaconda\envs\cash\lib\site-packages\sqlalchemy\util\compat.py", line 207, in raise_
    raise exception
  File "i:\anaconda\envs\cash\lib\site-packages\sqlalchemy\orm\session.py", line 3398, in _flush
    flush_context.execute()
  File "i:\anaconda\envs\cash\lib\site-packages\sqlalchemy\orm\unitofwork.py", line 456, in execute
    rec.execute(self)
  File "i:\anaconda\envs\cash\lib\site-packages\sqlalchemy\orm\unitofwork.py", line 630, in execute
    util.preloaded.orm_persistence.save_obj(
  File "i:\anaconda\envs\cash\lib\site-packages\sqlalchemy\orm\persistence.py", line 242, in save_obj
    _emit_insert_statements(
  File "i:\anaconda\envs\cash\lib\site-packages\sqlalchemy\orm\persistence.py", line 1219, in _emit_insert_statements
    result = connection._execute_20(
  File "i:\anaconda\envs\cash\lib\site-packages\sqlalchemy\engine\base.py", line 1582, in _execute_20
    return meth(self, args_10style, kwargs_10style, execution_options)
  File "i:\anaconda\envs\cash\lib\site-packages\sqlalchemy\sql\elements.py", line 323, in _execute_on_connection
    return connection._execute_clauseelement(
  File "i:\anaconda\envs\cash\lib\site-packages\sqlalchemy\engine\base.py", line 1451, in _execute_clauseelement
    ret = self._execute_context(
  File "i:\anaconda\envs\cash\lib\site-packages\sqlalchemy\engine\base.py", line 1676, in _execute_context
    self._handle_dbapi_exception(
  File "i:\anaconda\envs\cash\lib\site-packages\sqlalchemy\engine\base.py", line 1994, in _handle_dbapi_exception
    util.raise_(
  File "i:\anaconda\envs\cash\lib\site-packages\sqlalchemy\util\compat.py", line 207, in raise_
    raise exception
  File "i:\anaconda\envs\cash\lib\site-packages\sqlalchemy\engine\base.py", line 1670, in _execute_context
    context = constructor(
  File "i:\anaconda\envs\cash\lib\site-packages\sqlalchemy\engine\default.py", line 1073, in _init_compiled
    param = {
  File "i:\anaconda\envs\cash\lib\site-packages\sqlalchemy\engine\default.py", line 1074, in <dictcomp>
    key: processors[key](compiled_params[key])
  File "i:\anaconda\envs\cash\lib\site-packages\sqlalchemy\sql\sqltypes.py", line 1983, in process
    value = _strict_as_bool(value)
  File "i:\anaconda\envs\cash\lib\site-packages\sqlalchemy\sql\sqltypes.py", line 1958, in _strict_as_bool
    raise TypeError("Not a boolean value: %r" % value)
sqlalchemy.exc.StatementError: (builtins.TypeError) Not a boolean value: 'false'
[SQL: INSERT INTO postal_entry (job, user_id, timestamp, no_pay, sell_value) VALUES (%(job)s, %(user_id)s, %(timestamp)s, %(no_pay)s, %(sell_value)s) RETURNING postal_entry.id]
[parameters: [{'sell_value': 0, 'no_pay': 'false', 'user_id': 2, 'job': 37}]]
2021-08-21 20:02:10,747 INFO: Cash & Associates startup [in E:\Evan\Documents\NewDayRP\cash-and-associates\app\__init__.py:74]
2021-08-21 20:02:58,828 ERROR: Exception on /jobs/postal/view/37 [GET] [in i:\anaconda\envs\cash\lib\site-packages\flask\app.py:1454]
Traceback (most recent call last):
  File "i:\anaconda\envs\cash\lib\site-packages\flask\app.py", line 2070, in wsgi_app
    response = self.full_dispatch_request()
  File "i:\anaconda\envs\cash\lib\site-packages\flask\app.py", line 1515, in full_dispatch_request
    rv = self.handle_user_exception(e)
  File "i:\anaconda\envs\cash\lib\site-packages\flask\app.py", line 1513, in full_dispatch_request
    rv = self.dispatch_request()
  File "i:\anaconda\envs\cash\lib\site-packages\flask\app.py", line 1499, in dispatch_request
    return self.ensure_sync(self.view_functions[rule.endpoint])(**req.view_args)
  File "i:\anaconda\envs\cash\lib\site-packages\flask_login\utils.py", line 272, in decorated_view
    return func(*args, **kwargs)
  File "E:\Evan\Documents\NewDayRP\cash-and-associates\app\main\routes.py", line 536, in postal_view
    output = summarize_job(entries, 'Postal')
  File "E:\Evan\Documents\NewDayRP\cash-and-associates\app\main\utils.py", line 240, in summarize_job
    output['pay'] += entry.pay
AttributeError: 'PostalEntry' object has no attribute 'pay'
2021-08-21 20:03:36,380 INFO: Cash & Associates startup [in E:\Evan\Documents\NewDayRP\cash-and-associates\app\__init__.py:74]
