2021-08-19 02:24:06,346 ERROR: Exception on /jobs/hunting/view [GET] [in i:\anaconda\envs\cash\lib\site-packages\flask\app.py:1454]
Traceback (most recent call last):
  File "i:\anaconda\envs\cash\lib\site-packages\sqlalchemy\engine\base.py", line 1770, in _execute_context
    self.dialect.do_execute(
  File "i:\anaconda\envs\cash\lib\site-packages\sqlalchemy\engine\default.py", line 717, in do_execute
    cursor.execute(statement, parameters)
psycopg2.errors.UndefinedColumn: column job.total_earnings does not exist
LINE 1: ...d AS job_user_id, job.timestamp AS job_timestamp, job.total_...
                                                             ^


The above exception was the direct cause of the following exception:

Traceback (most recent call last):
  File "i:\anaconda\envs\cash\lib\site-packages\flask\app.py", line 2070, in wsgi_app
    response = self.full_dispatch_request()
  File "i:\anaconda\envs\cash\lib\site-packages\flask\app.py", line 1515, in full_dispatch_request
    rv = self.handle_user_exception(e)
  File "i:\anaconda\envs\cash\lib\site-packages\flask\app.py", line 1513, in full_dispatch_request
    rv = self.dispatch_request()
  File "i:\anaconda\envs\cash\lib\site-packages\flask\app.py", line 1499, in dispatch_request
    return self.ensure_sync(self.view_functions[rule.endpoint])(**req.view_args)
  File "E:\Evan\Documents\NewDayRP\cash-and-associates\app\main\routes.py", line 353, in hunting_jobs
    jobs = Job.query.filter_by(user_id=current_user.id).all()
  File "i:\anaconda\envs\cash\lib\site-packages\sqlalchemy\orm\query.py", line 2709, in all
    return self._iter().all()
  File "i:\anaconda\envs\cash\lib\site-packages\sqlalchemy\orm\query.py", line 2844, in _iter
    result = self.session.execute(
  File "i:\anaconda\envs\cash\lib\site-packages\sqlalchemy\orm\session.py", line 1689, in execute
    result = conn._execute_20(statement, params or {}, execution_options)
  File "i:\anaconda\envs\cash\lib\site-packages\sqlalchemy\engine\base.py", line 1582, in _execute_20
    return meth(self, args_10style, kwargs_10style, execution_options)
  File "i:\anaconda\envs\cash\lib\site-packages\sqlalchemy\sql\elements.py", line 323, in _execute_on_connection
    return connection._execute_clauseelement(
  File "i:\anaconda\envs\cash\lib\site-packages\sqlalchemy\engine\base.py", line 1451, in _execute_clauseelement
    ret = self._execute_context(
  File "i:\anaconda\envs\cash\lib\site-packages\sqlalchemy\engine\base.py", line 1813, in _execute_context
    self._handle_dbapi_exception(
  File "i:\anaconda\envs\cash\lib\site-packages\sqlalchemy\engine\base.py", line 1994, in _handle_dbapi_exception
    util.raise_(
  File "i:\anaconda\envs\cash\lib\site-packages\sqlalchemy\util\compat.py", line 207, in raise_
    raise exception
  File "i:\anaconda\envs\cash\lib\site-packages\sqlalchemy\engine\base.py", line 1770, in _execute_context
    self.dialect.do_execute(
  File "i:\anaconda\envs\cash\lib\site-packages\sqlalchemy\engine\default.py", line 717, in do_execute
    cursor.execute(statement, parameters)
sqlalchemy.exc.ProgrammingError: (psycopg2.errors.UndefinedColumn) column job.total_earnings does not exist
LINE 1: ...d AS job_user_id, job.timestamp AS job_timestamp, job.total_...
                                                             ^

[SQL: SELECT job.id AS job_id, job.job_type AS job_job_type, job.name AS job_name, job.user_id AS job_user_id, job.timestamp AS job_timestamp, job.total_earnings AS job_total_earnings, job.hourly_earnings AS job_hourly_earnings 
FROM job 
WHERE job.user_id = %(user_id_1)s]
[parameters: {'user_id_1': 2}]
(Background on this error at: http://sqlalche.me/e/14/f405)
2021-08-19 02:24:19,556 INFO: Cash & Associates startup [in E:\Evan\Documents\NewDayRP\cash-and-associates\app\__init__.py:74]
2021-08-19 02:24:22,224 INFO: Cash & Associates startup [in E:\Evan\Documents\NewDayRP\cash-and-associates\app\__init__.py:74]
2021-08-19 02:24:24,675 INFO: Cash & Associates startup [in E:\Evan\Documents\NewDayRP\cash-and-associates\app\__init__.py:74]
2021-08-19 02:25:01,417 INFO: Cash & Associates startup [in E:\Evan\Documents\NewDayRP\cash-and-associates\app\__init__.py:74]
