2021-08-03 16:03:29,210 ERROR: Exception on /set_employees [POST] [in i:\anaconda\envs\cash\lib\site-packages\flask\app.py:1454]
Traceback (most recent call last):
  File "i:\anaconda\envs\cash\lib\site-packages\sqlalchemy\sql\coercions.py", line 500, in _literal_coercion
    return expr._bind_param(operator, element, type_=bindparam_type)
  File "i:\anaconda\envs\cash\lib\site-packages\sqlalchemy\sql\elements.py", line 4451, in _bind_param
    return BindParameter(
  File "i:\anaconda\envs\cash\lib\site-packages\sqlalchemy\sql\elements.py", line 1417, in __init__
    self.type = _compared_to_type.coerce_compared_value(
  File "i:\anaconda\envs\cash\lib\site-packages\sqlalchemy\sql\type_api.py", line 665, in coerce_compared_value
    _coerced_type = _resolve_value_to_type(value)
  File "i:\anaconda\envs\cash\lib\site-packages\sqlalchemy\sql\sqltypes.py", line 3276, in _resolve_value_to_type
    raise exc.ArgumentError(
sqlalchemy.exc.ArgumentError: Object Blade is not legal as a SQL literal value

The above exception was the direct cause of the following exception:

Traceback (most recent call last):
  File "i:\anaconda\envs\cash\lib\site-packages\flask\app.py", line 2070, in wsgi_app
    response = self.full_dispatch_request()
  File "i:\anaconda\envs\cash\lib\site-packages\flask\app.py", line 1515, in full_dispatch_request
    rv = self.handle_user_exception(e)
  File "i:\anaconda\envs\cash\lib\site-packages\flask\app.py", line 1513, in full_dispatch_request
    rv = self.dispatch_request()
  File "i:\anaconda\envs\cash\lib\site-packages\flask\app.py", line 1499, in dispatch_request
    return self.ensure_sync(self.view_functions[rule.endpoint])(**req.view_args)
  File "i:\anaconda\envs\cash\lib\site-packages\flask_login\utils.py", line 272, in decorated_view
    return func(*args, **kwargs)
  File "E:\Evan\Documents\NewDayRP\cash-and-associates\app\main\routes.py", line 140, in set_employees
    employee = User.query.filter_by(username=form.employee.data).first()
  File "i:\anaconda\envs\cash\lib\site-packages\sqlalchemy\orm\query.py", line 1751, in filter_by
    clauses = [
  File "i:\anaconda\envs\cash\lib\site-packages\sqlalchemy\orm\query.py", line 1752, in <listcomp>
    _entity_namespace_key(from_entity, key) == value
  File "i:\anaconda\envs\cash\lib\site-packages\sqlalchemy\sql\operators.py", line 360, in __eq__
    return self.operate(eq, other)
  File "i:\anaconda\envs\cash\lib\site-packages\sqlalchemy\orm\attributes.py", line 316, in operate
    return op(self.comparator, *other, **kwargs)
  File "i:\anaconda\envs\cash\lib\site-packages\sqlalchemy\sql\operators.py", line 360, in __eq__
    return self.operate(eq, other)
  File "i:\anaconda\envs\cash\lib\site-packages\sqlalchemy\orm\properties.py", line 430, in operate
    return op(self.__clause_element__(), *other, **kwargs)
  File "i:\anaconda\envs\cash\lib\site-packages\sqlalchemy\sql\annotation.py", line 221, in __eq__
    return self.__element.__class__.__eq__(self, other)
  File "i:\anaconda\envs\cash\lib\site-packages\sqlalchemy\sql\operators.py", line 360, in __eq__
    return self.operate(eq, other)
  File "i:\anaconda\envs\cash\lib\site-packages\sqlalchemy\sql\elements.py", line 813, in operate
    return op(self.comparator, *other, **kwargs)
  File "i:\anaconda\envs\cash\lib\site-packages\sqlalchemy\sql\operators.py", line 360, in __eq__
    return self.operate(eq, other)
  File "i:\anaconda\envs\cash\lib\site-packages\sqlalchemy\sql\type_api.py", line 76, in operate
    return o[0](self.expr, op, *(other + o[1:]), **kwargs)
  File "i:\anaconda\envs\cash\lib\site-packages\sqlalchemy\sql\default_comparator.py", line 97, in _boolean_compare
    obj = coercions.expect(
  File "i:\anaconda\envs\cash\lib\site-packages\sqlalchemy\sql\coercions.py", line 186, in expect
    resolved = impl._literal_coercion(
  File "i:\anaconda\envs\cash\lib\site-packages\sqlalchemy\sql\coercions.py", line 502, in _literal_coercion
    self._raise_for_expected(element, err=err)
  File "i:\anaconda\envs\cash\lib\site-packages\sqlalchemy\sql\coercions.py", line 487, in _raise_for_expected
    return super(ExpressionElementImpl, self)._raise_for_expected(
  File "i:\anaconda\envs\cash\lib\site-packages\sqlalchemy\sql\coercions.py", line 282, in _raise_for_expected
    util.raise_(exc.ArgumentError(msg, code=code), replace_context=err)
  File "i:\anaconda\envs\cash\lib\site-packages\sqlalchemy\util\compat.py", line 207, in raise_
    raise exception
sqlalchemy.exc.ArgumentError: SQL expression element or literal value expected, got Blade.
2021-08-03 16:05:35,376 INFO: Cash & Associates startup [in E:\Evan\Documents\NewDayRP\cash-and-associates\app\__init__.py:74]
2021-08-03 16:05:42,165 ERROR: Exception on /set_employees [POST] [in i:\anaconda\envs\cash\lib\site-packages\flask\app.py:1454]
Traceback (most recent call last):
  File "i:\anaconda\envs\cash\lib\site-packages\flask\app.py", line 2070, in wsgi_app
    response = self.full_dispatch_request()
  File "i:\anaconda\envs\cash\lib\site-packages\flask\app.py", line 1515, in full_dispatch_request
    rv = self.handle_user_exception(e)
  File "i:\anaconda\envs\cash\lib\site-packages\flask\app.py", line 1513, in full_dispatch_request
    rv = self.dispatch_request()
  File "i:\anaconda\envs\cash\lib\site-packages\flask\app.py", line 1499, in dispatch_request
    return self.ensure_sync(self.view_functions[rule.endpoint])(**req.view_args)
  File "i:\anaconda\envs\cash\lib\site-packages\flask_login\utils.py", line 272, in decorated_view
    return func(*args, **kwargs)
  File "E:\Evan\Documents\NewDayRP\cash-and-associates\app\main\routes.py", line 144, in set_employees
    flash(f'{employee.name} has been added to your company.')
AttributeError: 'User' object has no attribute 'name'
2021-08-03 16:06:18,426 INFO: Cash & Associates startup [in E:\Evan\Documents\NewDayRP\cash-and-associates\app\__init__.py:74]
2021-08-03 16:07:02,033 INFO: Cash & Associates startup [in E:\Evan\Documents\NewDayRP\cash-and-associates\app\__init__.py:74]
2021-08-03 16:08:00,215 INFO: Cash & Associates startup [in E:\Evan\Documents\NewDayRP\cash-and-associates\app\__init__.py:74]
2021-08-03 16:08:04,198 ERROR: Exception on /set_employees [POST] [in i:\anaconda\envs\cash\lib\site-packages\flask\app.py:1454]
Traceback (most recent call last):
  File "i:\anaconda\envs\cash\lib\site-packages\flask\app.py", line 2070, in wsgi_app
    response = self.full_dispatch_request()
  File "i:\anaconda\envs\cash\lib\site-packages\flask\app.py", line 1515, in full_dispatch_request
    rv = self.handle_user_exception(e)
  File "i:\anaconda\envs\cash\lib\site-packages\flask\app.py", line 1513, in full_dispatch_request
    rv = self.dispatch_request()
  File "i:\anaconda\envs\cash\lib\site-packages\flask\app.py", line 1499, in dispatch_request
    return self.ensure_sync(self.view_functions[rule.endpoint])(**req.view_args)
  File "i:\anaconda\envs\cash\lib\site-packages\flask_login\utils.py", line 272, in decorated_view
    return func(*args, **kwargs)
  File "E:\Evan\Documents\NewDayRP\cash-and-associates\app\main\routes.py", line 145, in set_employees
    flash(f'{employee.username} has been added to {company.name}.')
AttributeError: 'BaseQuery' object has no attribute 'name'
2021-08-03 16:08:21,702 INFO: Cash & Associates startup [in E:\Evan\Documents\NewDayRP\cash-and-associates\app\__init__.py:74]
